<?xml version="1.0" encoding="UTF-8"?>
<testng-results ignored="0" total="1" passed="1" failed="0" skipped="0">
  <reporter-output>
  </reporter-output>
  <suite started-at="2023-08-09T21:11:01 IST" name="ebankingV1" finished-at="2023-08-09T21:11:14 IST" duration-ms="13442">
    <groups>
    </groups>
    <test started-at="2023-08-09T21:11:01 IST" name="logintest" finished-at="2023-08-09T21:11:14 IST" duration-ms="13442">
      <class name="com.ebanking.testCases.TC_LoginTest_001">
        <test-method is-config="true" signature="setup(java.lang.String)[pri:0, instance:com.ebanking.testCases.TC_LoginTest_001@3febb011]" started-at="2023-08-09T21:11:01 IST" name="setup" finished-at="2023-08-09T21:11:12 IST" duration-ms="10953" status="PASS">
          <params>
            <param index="0">
              <value>
                <![CDATA[chrome]]>
              </value>
            </param>
          </params>
          <reporter-output>
          </reporter-output>
        </test-method> <!-- setup -->
        <test-method signature="loginTest()[pri:0, instance:com.ebanking.testCases.TC_LoginTest_001@3febb011]" started-at="2023-08-09T21:11:12 IST" name="loginTest" finished-at="2023-08-09T21:11:14 IST" duration-ms="1753" status="PASS">
          <reporter-output>
          </reporter-output>
        </test-method> <!-- loginTest -->
        <test-method is-config="true" signature="teardown()[pri:0, instance:com.ebanking.testCases.TC_LoginTest_001@3febb011]" started-at="2023-08-09T21:11:14 IST" name="teardown" finished-at="2023-08-09T21:11:14 IST" duration-ms="185" status="PASS">
          <reporter-output>
          </reporter-output>
        </test-method> <!-- teardown -->
      </class> <!-- com.ebanking.testCases.TC_LoginTest_001 -->
    </test> <!-- logintest -->
  </suite> <!-- ebankingV1 -->
</testng-results>
